2025-04-11 15:19:43,971 - WARNING - [Q239198] Maxims about Mammals II - No description updates needed.
2025-04-11 15:19:44,791 - WARNING - [Q239199] Maxims about Mammals III - Item already exists.
2025-04-11 15:19:44,792 - WARNING - [no QID] Maxims about Mammals III - No QID, skipping.
2025-04-11 15:19:45,682 - WARNING - [Q239184] Maxims about Mammals IV - No description updates needed.
2025-04-11 15:19:47,406 - WARNING - [Q239185] Maxims about Mammals V - No description updates needed.
2025-04-11 15:19:49,913 - WARNING - [Q239222] Maxims about Mammals VI - No description updates needed.
2025-04-11 15:19:53,362 - WARNING - [Q239223] Maxims about Mammals VII - Created new item Q239223.
2025-04-11 15:19:53,764 - WARNING - [Q239223] Maxims about Mammals VII - Item not indexed. Waiting 60 seconds...
2025-04-11 15:20:53,973 - WARNING - [Q239223] Maxims about Mammals VII - Item not indexed. Waiting 60 seconds...
2025-04-11 15:21:54,179 - WARNING - [Q239223] Maxims about Mammals VII - Item not indexed. Waiting 60 seconds...
2025-04-11 15:22:54,384 - WARNING - [Q239223] Maxims about Mammals VII - Item not indexed. Waiting 60 seconds...
2025-04-11 15:23:54,591 - WARNING - [Q239223] Maxims about Mammals VII - Item not indexed. Waiting 60 seconds...
2025-04-11 15:24:54,789 - WARNING - [Q239223] Maxims about Mammals VII - Item not indexed. Waiting 60 seconds...
2025-04-11 15:25:54,989 - WARNING - [Q239223] Maxims about Mammals VII - Item not indexed. Waiting 60 seconds...
2025-04-11 15:26:55,184 - WARNING - [Q239223] Maxims about Mammals VII - Item is now indexed as Q239223. Continuing.
2025-04-11 15:27:36,534 - WARNING - [Q239223] Maxims about Mammals VII - Descriptions updated: {'en': 'Maxims about Mammals is a book containing sayings about mammals.', 'de': 'Maxims about Mammals ist ein Buch mit Sprüchen über Säugetiere.'}
2025-04-11 15:27:56,520 - INFO - Saved summary CSV: /Users/ilyagoessens/Desktop/digital humanities/kbr internship/pywiki/logs/summary_log_20250411_151942.csv
2025-04-11 15:27:56,521 - INFO - Script finished.
2025-04-11 15:27:56,521 - INFO - Items processed: 6, Created: 1, Skipped: 1
2025-04-11 15:27:56,521 - INFO - Claims Added: 4, Claims Skipped: 22
2025-04-11 15:27:56,521 - INFO - Sources Added: 2, Sources Skipped: 7
