2025-04-14 11:29:30,213 - WARNING - [Q239250] Disquisition on the Malady of the Mimic - Created new item Q239250.
2025-04-14 11:29:30,491 - WARNING - [Q239250] Disquisition on the Malady of the Mimic - Item not indexed. Waiting 60 seconds...
2025-04-14 11:30:30,789 - WARNING - [Q239250] Disquisition on the Malady of the Mimic - Item not indexed. Waiting 60 seconds...
2025-04-14 11:31:31,052 - WARNING - [Q239250] Disquisition on the Malady of the Mimic - Item not indexed. Waiting 60 seconds...
2025-04-14 11:32:31,297 - WARNING - [Q239250] Disquisition on the Malady of the Mimic - Item not indexed. Waiting 60 seconds...
2025-04-14 11:33:31,566 - WARNING - [Q239250] Disquisition on the Malady of the Mimic - Item not indexed. Waiting 60 seconds...
2025-04-14 11:34:31,865 - WARNING - [Q239250] Disquisition on the Malady of the Mimic - Item not indexed. Waiting 60 seconds...
2025-04-14 11:35:32,150 - WARNING - [Q239250] Disquisition on the Malady of the Mimic - Item not indexed. Waiting 60 seconds...
2025-04-14 11:37:22,720 - WARNING - [Q239250] Disquisition on the Malady of the Mimic - Item is now indexed as Q239250. Continuing.
2025-04-14 11:38:14,088 - INFO - [Q239250] Disquisition on the Malady of the Mimic - Descriptions updated: {'en': 'Disquisition on the Malady of the Mimic is a book written by Q Girl.', 'de': 'Disquisition on the Malady of the Mimic ist ein Buch, das von Q Girl geschrieben wurde.'}
2025-04-14 11:38:24,684 - WARNING - [Q239199] Maxims about Mammals III - Item already exists.
2025-04-14 11:38:24,685 - WARNING - [no QID] Maxims about Mammals III - No QID, skipping.
2025-04-14 11:38:34,719 - WARNING - [Q239251] On Humanoid Mimicry of Animals and Plants - Created new item Q239251.
2025-04-14 11:38:36,241 - WARNING - [Q239251] On Humanoid Mimicry of Animals and Plants - Item not indexed. Waiting 60 seconds...
2025-04-14 11:39:36,866 - WARNING - [Q239251] On Humanoid Mimicry of Animals and Plants - Item not indexed. Waiting 60 seconds...
2025-04-14 11:40:37,047 - WARNING - [Q239251] On Humanoid Mimicry of Animals and Plants - Item not indexed. Waiting 60 seconds...
2025-04-14 11:41:37,228 - WARNING - [Q239251] On Humanoid Mimicry of Animals and Plants - Item not indexed. Waiting 60 seconds...
2025-04-14 11:42:37,418 - WARNING - [Q239251] On Humanoid Mimicry of Animals and Plants - Item not indexed. Waiting 60 seconds...
2025-04-14 11:43:37,879 - WARNING - [Q239251] On Humanoid Mimicry of Animals and Plants - Item not indexed. Waiting 60 seconds...
2025-04-14 11:44:38,082 - WARNING - [Q239251] On Humanoid Mimicry of Animals and Plants - Item not indexed. Waiting 60 seconds...
2025-04-14 11:45:38,279 - WARNING - [Q239251] On Humanoid Mimicry of Animals and Plants - Item is now indexed as Q239251. Continuing.
2025-04-14 11:46:19,191 - INFO - [Q239251] On Humanoid Mimicry of Animals and Plants - Descriptions updated: {'en': 'On Humanoid Mimicry of Animals and Plants is a book.', 'de': 'On Humanoid Mimicry of Animals and Plants ist ein Buch.'}
2025-04-14 11:46:39,210 - INFO - Saved summary CSV: /Users/ilyagoessens/Desktop/digital humanities/kbr internship/pywiki/logs/summary_log_20250414_112919.csv
2025-04-14 11:46:39,210 - INFO - Script finished.
2025-04-14 11:46:39,210 - INFO - Items processed: 3, Created: 2, Skipped: 1
2025-04-14 11:46:39,210 - INFO - Claims Added: 9, Claims Skipped: 2
2025-04-14 11:46:39,210 - INFO - Sources Added: 3, Sources Skipped: 0
