2025-04-11 11:26:20,069 - INFO - [Q239198] Maxims about Mammals II - Claim P82 -> Q215175 already exists. Skipping.
2025-04-11 11:26:20,076 - INFO - [Q239198] Maxims about Mammals II - Date claim P761 -> 2000-01-01 already exists. Skipping.
2025-04-11 11:26:20,581 - INFO - [Q239198] Maxims about Mammals II - Claim P145 -> Q234514 already exists. Skipping.
2025-04-11 11:26:20,581 - INFO - [Q239198] Maxims about Mammals II - Claim P31 -> 'https://test.wikidata.org/wiki/Property:P31' already exists. Skipping.
2025-04-11 11:26:29,780 - INFO - [Q239198] Maxims about Mammals II - Claim P31 -> 'https://test.wikidata.org/wiki/Property:P31' already exists. Skipping.
2025-04-11 11:26:29,780 - INFO - [Q239198] Maxims about Mammals II - Finished processing claims.
2025-04-11 11:26:30,090 - INFO - [Q239198] Maxims about Mammals II - No changes made to descriptions. Description fields are empty or already exist on Wikidata. Please verify manually if required.
2025-04-11 11:26:30,702 - WARNING - [Q239198] Maxims about Mammals II - Source(s) already exist for claim P82. Skipping. Please verify manually if required. 
2025-04-11 11:26:30,891 - WARNING - [Q239199] Maxims about Mammals III - Already exists, skipping creation. Please verify and make required changes manually.
2025-04-11 11:26:30,891 - WARNING - [no QID] Maxims about Mammals III - Skipping — no QID available. Please verify and create item manually if required.
2025-04-11 11:26:31,522 - INFO - [Q239184] Maxims about Mammals IV - Claim P82 -> Q215175 already exists. Skipping.
2025-04-11 11:26:31,525 - INFO - [Q239184] Maxims about Mammals IV - Date claim P761 -> 2000-01-01 already exists. Skipping.
2025-04-11 11:26:31,827 - INFO - [Q239184] Maxims about Mammals IV - Claim P145 -> Q234514 already exists. Skipping.
2025-04-11 11:26:31,827 - INFO - [Q239184] Maxims about Mammals IV - Claim P31 -> 'https://test.wikidata.org/wiki/Property:P31' already exists. Skipping.
2025-04-11 11:26:31,828 - INFO - [Q239184] Maxims about Mammals IV - Claim P31 -> 'https://test.wikidata.org/wiki/Property:P31' already exists. Skipping.
2025-04-11 11:26:31,828 - INFO - [Q239184] Maxims about Mammals IV - Finished processing claims.
2025-04-11 11:26:32,046 - INFO - [Q239184] Maxims about Mammals IV - No changes made to descriptions. Description fields are empty or already exist on Wikidata. Please verify manually if required.
2025-04-11 11:26:32,640 - WARNING - [Q239184] Maxims about Mammals IV - Source(s) already exist for claim P82. Skipping. Please verify manually if required. 
2025-04-11 11:26:33,160 - INFO - [Q239185] Maxims about Mammalss V - Claim P82 -> Q215175 already exists. Skipping.
2025-04-11 11:26:33,164 - INFO - [Q239185] Maxims about Mammalss V - Date claim P761 -> 2000-01-01 already exists. Skipping.
2025-04-11 11:26:33,372 - INFO - [Q239185] Maxims about Mammalss V - Claim P145 -> Q234514 already exists. Skipping.
2025-04-11 11:26:33,373 - INFO - [Q239185] Maxims about Mammalss V - Claim P31 -> 'https://test.wikidata.org/wiki/Property:P31' already exists. Skipping.
2025-04-11 11:26:33,373 - INFO - [Q239185] Maxims about Mammalss V - Claim P31 -> 'https://test.wikidata.org/wiki/Property:P31' already exists. Skipping.
2025-04-11 11:26:33,373 - INFO - [Q239185] Maxims about Mammalss V - Finished processing claims.
2025-04-11 11:26:33,601 - INFO - [Q239185] Maxims about Mammalss V - No changes made to descriptions. Description fields are empty or already exist on Wikidata. Please verify manually if required.
2025-04-11 11:26:33,986 - WARNING - [Q239185] Maxims about Mammalss V - Source(s) already exist for claim P82. Skipping. Please verify manually if required. 
2025-04-11 11:26:33,988 - INFO - Script completed successfully.
