2025-04-11 11:45:08,835 - INFO - [Q239198] Maxims about Mammals II - Claim P82 -> Q215175 already exists. Skipping.
2025-04-11 11:45:08,843 - INFO - [Q239198] Maxims about Mammals II - Date claim P761 -> 2000-01-01 already exists. Skipping.
2025-04-11 11:45:09,484 - INFO - [Q239198] Maxims about Mammals II - Claim P145 -> Q234514 already exists. Skipping.
2025-04-11 11:45:09,485 - INFO - [Q239198] Maxims about Mammals II - Claim P31 -> 'https://test.wikidata.org/wiki/Property:P31' already exists. Skipping.
2025-04-11 11:45:09,485 - INFO - [Q239198] Maxims about Mammals II - Claim P31 -> 'https://test.wikidata.org/wiki/Property:P32' already exists. Skipping.
2025-04-11 11:45:09,485 - INFO - [Q239198] Maxims about Mammals II - Claim P31 -> 'https://test.wikidata.org/wiki/Property:P31' already exists. Skipping.
2025-04-11 11:45:09,485 - INFO - [Q239198] Maxims about Mammals II - Finished processing claims.
2025-04-11 11:45:09,721 - INFO - [Q239198] Maxims about Mammals II - No changes made to descriptions. Description fields are empty or already exist on Wikidata. Please verify manually if required.
2025-04-11 11:45:10,128 - WARNING - [Q239198] Maxims about Mammals II - Source(s) already exist for claim P82. Skipping. Please verify manually if required. 
2025-04-11 11:45:10,301 - WARNING - [Q239199] Maxims about Mammals III - Already exists, skipping creation. Please verify and make required changes manually.
2025-04-11 11:45:10,302 - WARNING - [no QID] Maxims about Mammals III - Skipping — no QID available. Please verify and create item manually if required.
2025-04-11 11:45:10,781 - INFO - [Q239184] Maxims about Mammals IV - Claim P82 -> Q215175 already exists. Skipping.
2025-04-11 11:45:10,785 - INFO - [Q239184] Maxims about Mammals IV - Date claim P761 -> 2000-01-01 already exists. Skipping.
2025-04-11 11:45:11,100 - INFO - [Q239184] Maxims about Mammals IV - Claim P145 -> Q234514 already exists. Skipping.
2025-04-11 11:45:11,100 - INFO - [Q239184] Maxims about Mammals IV - Claim P31 -> 'https://test.wikidata.org/wiki/Property:P31' already exists. Skipping.
2025-04-11 11:45:11,100 - INFO - [Q239184] Maxims about Mammals IV - Claim P31 -> 'https://test.wikidata.org/wiki/Property:P31' already exists. Skipping.
2025-04-11 11:45:11,100 - INFO - [Q239184] Maxims about Mammals IV - Finished processing claims.
2025-04-11 11:45:11,346 - INFO - [Q239184] Maxims about Mammals IV - No changes made to descriptions. Description fields are empty or already exist on Wikidata. Please verify manually if required.
2025-04-11 11:45:11,703 - WARNING - [Q239184] Maxims about Mammals IV - Source(s) already exist for claim P82. Skipping. Please verify manually if required. 
2025-04-11 11:45:12,209 - INFO - [Q239185] Maxims about Mammals V - Claim P82 -> Q215175 already exists. Skipping.
2025-04-11 11:45:12,211 - INFO - [Q239185] Maxims about Mammals V - Date claim P761 -> 2000-01-01 already exists. Skipping.
2025-04-11 11:45:12,466 - INFO - [Q239185] Maxims about Mammals V - Claim P145 -> Q234514 already exists. Skipping.
2025-04-11 11:45:12,466 - INFO - [Q239185] Maxims about Mammals V - Claim P31 -> 'https://test.wikidata.org/wiki/Property:P31' already exists. Skipping.
2025-04-11 11:45:12,466 - INFO - [Q239185] Maxims about Mammals V - Claim P31 -> 'https://test.wikidata.org/wiki/Property:P31' already exists. Skipping.
2025-04-11 11:45:12,466 - INFO - [Q239185] Maxims about Mammals V - Finished processing claims.
2025-04-11 11:45:12,711 - INFO - [Q239185] Maxims about Mammals V - No changes made to descriptions. Description fields are empty or already exist on Wikidata. Please verify manually if required.
2025-04-11 11:45:13,132 - WARNING - [Q239185] Maxims about Mammals V - Source(s) already exist for claim P82. Skipping. Please verify manually if required. 
2025-04-11 11:45:13,132 - INFO - Script completed successfully.
