2025-04-07 13:36:50,994 - INFO - [Q239198] Maxims about Mammals II - Claim P82 -> Q215175 already exists. Skipping.
2025-04-07 13:36:51,000 - INFO - [Q239198] Maxims about Mammals II - Date claim P761 -> 2000-01-01 already exists. Skipping.
2025-04-07 13:36:51,388 - INFO - [Q239198] Maxims about Mammals II - Claim P145 -> Q234514 already exists. Skipping.
2025-04-07 13:36:51,388 - INFO - [Q239198] Maxims about Mammals II - Claim P31 -> 'https://test.wikidata.org/wiki/Property:P31' already exists. Skipping.
2025-04-07 13:36:51,388 - INFO - [Q239198] Maxims about Mammals II - Claim P31 -> 'https://test.wikidata.org/wiki/Property:P31' already exists. Skipping.
2025-04-07 13:36:51,389 - INFO - [Q239198] Maxims about Mammals II - Finished processing claims
2025-04-07 13:36:51,571 - INFO - [Q239198] Maxims about Mammals II -  no changes made to descriptions. Description fields are empty or already exist on Wikidata. Please verify manually if required. 
2025-04-07 13:36:52,027 - WARNING - [Q239198] Maxims about Mammals II - Source(s) already exist for claim P82. Skipping. Please verify manually if required. 
2025-04-07 13:36:52,223 - WARNING - [Q239199] Maxims about Mammals III - already exists, skipping creation. Please verify and make required changes manually.
2025-04-07 13:36:52,224 - WARNING - [no QID] Maxims about Mammals III - Skipping — no QID available. Please verify and create item manually if required. 
2025-04-07 13:36:52,779 - INFO - [Q239184] Maxims about Mammals IV - Claim P82 -> Q215175 already exists. Skipping.
2025-04-07 13:36:52,781 - INFO - [Q239184] Maxims about Mammals IV - Date claim P761 -> 2000-01-01 already exists. Skipping.
2025-04-07 13:36:52,979 - INFO - [Q239184] Maxims about Mammals IV - Claim P145 -> Q234514 already exists. Skipping.
2025-04-07 13:36:52,980 - INFO - [Q239184] Maxims about Mammals IV - Claim P31 -> 'https://test.wikidata.org/wiki/Property:P31' already exists. Skipping.
2025-04-07 13:36:52,980 - INFO - [Q239184] Maxims about Mammals IV - Claim P31 -> 'https://test.wikidata.org/wiki/Property:P31' already exists. Skipping.
2025-04-07 13:36:52,980 - INFO - [Q239184] Maxims about Mammals IV - Finished processing claims
2025-04-07 13:36:53,224 - INFO - [Q239184] Maxims about Mammals IV -  no changes made to descriptions. Description fields are empty or already exist on Wikidata. Please verify manually if required. 
2025-04-07 13:36:53,660 - WARNING - [Q239184] Maxims about Mammals IV - Source(s) already exist for claim P82. Skipping. Please verify manually if required. 
2025-04-07 13:36:54,276 - INFO - [Q239185] Maxims about Mammalss V - Claim P82 -> Q215175 already exists. Skipping.
2025-04-07 13:36:54,279 - INFO - [Q239185] Maxims about Mammalss V - Date claim P761 -> 2000-01-01 already exists. Skipping.
2025-04-07 13:36:54,577 - INFO - [Q239185] Maxims about Mammalss V - Claim P145 -> Q234514 already exists. Skipping.
2025-04-07 13:36:54,577 - INFO - [Q239185] Maxims about Mammalss V - Claim P31 -> 'https://test.wikidata.org/wiki/Property:P31' already exists. Skipping.
2025-04-07 13:36:54,577 - INFO - [Q239185] Maxims about Mammalss V - Claim P31 -> 'https://test.wikidata.org/wiki/Property:P31' already exists. Skipping.
2025-04-07 13:36:54,577 - INFO - [Q239185] Maxims about Mammalss V - Finished processing claims
2025-04-07 13:36:54,885 - INFO - [Q239185] Maxims about Mammalss V -  no changes made to descriptions. Description fields are empty or already exist on Wikidata. Please verify manually if required. 
2025-04-07 13:36:55,363 - WARNING - [Q239185] Maxims about Mammalss V - Source(s) already exist for claim P82. Skipping. Please verify manually if required. 
2025-04-07 13:36:55,364 - INFO - Script completed successfully.
