2025-05-26 11:12:53,168 - WARNING - [Q240067] The Artless Beauty - Created new item Q240067.
2025-05-26 11:12:53,483 - WARNING - [Q240067] The Artless Beauty - Item not indexed. Waiting 60 seconds...
2025-05-26 11:13:54,011 - WARNING - [Q240067] The Artless Beauty - Item not indexed. Waiting 60 seconds...
2025-05-26 11:14:54,330 - WARNING - [Q240067] The Artless Beauty - Item not indexed. Waiting 60 seconds...
2025-05-26 11:15:54,670 - WARNING - [Q240067] The Artless Beauty - Item not indexed. Waiting 60 seconds...
2025-05-26 11:16:55,009 - WARNING - [Q240067] The Artless Beauty - Item not indexed. Waiting 60 seconds...
2025-05-26 11:17:55,247 - WARNING - [Q240067] The Artless Beauty - Item not indexed. Waiting 60 seconds...
2025-05-26 11:18:55,825 - WARNING - [Q240067] The Artless Beauty - Item not indexed. Waiting 60 seconds...
2025-05-26 11:19:56,154 - WARNING - [Q240067] The Artless Beauty - Item is now indexed as Q240067. Continuing.
2025-05-26 11:19:56,952 - ERROR - [Q240067] The Artless Beauty - Error adding claim P82: 'ItemPage' object has no attribute 'user_add_claim'
2025-05-26 11:19:57,173 - ERROR - [Q240067] The Artless Beauty - Error adding claim P761: 'ItemPage' object has no attribute 'user_add_claim'
2025-05-26 11:19:57,826 - ERROR - [Q240067] The Artless Beauty - Error adding claim P145: 'ItemPage' object has no attribute 'user_add_claim'
2025-05-26 11:19:58,032 - ERROR - [Q240067] The Artless Beauty - Error adding claim P31: 'ItemPage' object has no attribute 'user_add_claim'
2025-05-26 11:19:58,033 - ERROR - [Q240067] The Artless Beauty - Error adding claim P31: 'ItemPage' object has no attribute 'user_add_claim'
2025-05-26 11:19:58,033 - ERROR - [Q240067] The Artless Beauty - Error adding claim P31: 'ItemPage' object has no attribute 'user_add_claim'
2025-05-26 11:19:58,562 - INFO - [Q240067] The Artless Beauty - Descriptions updated: {'en': 'The Artless Beauty is a translation of a collection of stories from the Shale Labyrinth, located in Taggamrod.', 'de': 'The Artless Beauty ist die Übersetzung einer Sammlung von Geschichten aus dem Schieferlabyrinth in Taggamrod.'}
2025-05-26 11:20:08,676 - WARNING - [Q240068] The Artful Ugly - Created new item Q240068.
2025-05-26 11:20:09,037 - WARNING - [Q240068] The Artful Ugly - Item not indexed. Waiting 60 seconds...
2025-05-26 11:21:09,344 - WARNING - [Q240068] The Artful Ugly - Item not indexed. Waiting 60 seconds...
2025-05-26 11:22:09,710 - WARNING - [Q240068] The Artful Ugly - Item not indexed. Waiting 60 seconds...
2025-05-26 11:23:10,049 - WARNING - [Q240068] The Artful Ugly - Item not indexed. Waiting 60 seconds...
2025-05-26 11:24:10,386 - WARNING - [Q240068] The Artful Ugly - Item not indexed. Waiting 60 seconds...
2025-05-26 11:25:10,756 - WARNING - [Q240068] The Artful Ugly - Item not indexed. Waiting 60 seconds...
2025-05-26 11:26:11,312 - WARNING - [Q240068] The Artful Ugly - Item is now indexed as Q240068. Continuing.
2025-05-26 11:26:11,817 - ERROR - [Q240068] The Artful Ugly - Error adding claim P82: 'ItemPage' object has no attribute 'user_add_claim'
2025-05-26 11:26:11,838 - ERROR - [Q240068] The Artful Ugly - Error adding claim P761: 'ItemPage' object has no attribute 'user_add_claim'
2025-05-26 11:26:12,084 - ERROR - [Q240068] The Artful Ugly - Error adding claim P145: 'ItemPage' object has no attribute 'user_add_claim'
2025-05-26 11:26:12,086 - ERROR - [Q240068] The Artful Ugly - Error adding claim P31: 'ItemPage' object has no attribute 'user_add_claim'
2025-05-26 11:26:12,086 - ERROR - [Q240068] The Artful Ugly - Error adding claim P31: 'ItemPage' object has no attribute 'user_add_claim'
2025-05-26 11:26:12,087 - ERROR - [Q240068] The Artful Ugly - Error adding claim P31: 'ItemPage' object has no attribute 'user_add_claim'
2025-05-26 11:26:12,757 - INFO - [Q240068] The Artful Ugly - Descriptions updated: {'en': 'The Artful Ugly is a translation of a collection of stories from the Shale Labyrinth, located in Taggamrod.', 'de': 'The Artful Ugly ist die Übersetzung einer Sammlung von Geschichten aus dem Schieferlabyrinth in Taggamrod.'}
2025-05-26 11:26:12,980 - INFO - Saved summary CSV: /Users/ilyagoessens/Desktop/digital humanities/kbr internship/pywiki/logs/summary_log_20250526_111238.csv
2025-05-26 11:26:12,980 - INFO - Script finished.
2025-05-26 11:26:12,980 - INFO - Items processed: 2, Created: 2, Skipped: 0
2025-05-26 11:26:12,981 - INFO - Claims Added: 0, Claims Skipped: 0
2025-05-26 11:26:12,981 - INFO - Sources Added: 0, Sources Skipped: 0
