2025-04-11 11:52:04,174 - INFO - [Q239198] Maxims about Mammals II - Claim P82 -> Q215175 already exists. Skipping.
2025-04-11 11:52:04,182 - INFO - [Q239198] Maxims about Mammals II - Date claim P761 -> 2000-01-01 already exists. Skipping.
2025-04-11 11:52:04,580 - INFO - [Q239198] Maxims about Mammals II - Claim P145 -> Q234514 already exists. Skipping.
2025-04-11 11:52:04,580 - INFO - [Q239198] Maxims about Mammals II - Claim P31 -> 'https://test.wikidata.org/wiki/Property:P31' already exists. Skipping.
2025-04-11 11:52:04,580 - INFO - [Q239198] Maxims about Mammals II - Claim P31 -> 'https://test.wikidata.org/wiki/Property:P32' already exists. Skipping.
2025-04-11 11:52:04,580 - INFO - [Q239198] Maxims about Mammals II - Claim P31 -> 'https://test.wikidata.org/wiki/Property:P31' already exists. Skipping.
2025-04-11 11:52:04,580 - INFO - [Q239198] Maxims about Mammals II - Finished processing claims.
2025-04-11 11:52:04,808 - INFO - [Q239198] Maxims about Mammals II - No changes made to descriptions. Description fields are empty or already exist on Wikidata. Please verify manually if required.
2025-04-11 11:52:05,211 - WARNING - [Q239198] Maxims about Mammals II - Source(s) already exist for claim P82. Skipping. Please verify manually if required. 
2025-04-11 11:52:05,407 - WARNING - [Q239199] Maxims about Mammals III - Already exists, skipping creation. Please verify and make required changes manually.
2025-04-11 11:52:05,407 - WARNING - [no QID] Maxims about Mammals III - Skipping — no QID available. Please verify and create item manually if required.
2025-04-11 11:52:05,881 - INFO - [Q239184] Maxims about Mammals IV - Claim P82 -> Q215175 already exists. Skipping.
2025-04-11 11:52:05,883 - INFO - [Q239184] Maxims about Mammals IV - Date claim P761 -> 2000-01-01 already exists. Skipping.
2025-04-11 11:52:06,084 - INFO - [Q239184] Maxims about Mammals IV - Claim P145 -> Q234514 already exists. Skipping.
2025-04-11 11:52:06,085 - INFO - [Q239184] Maxims about Mammals IV - Claim P31 -> 'https://test.wikidata.org/wiki/Property:P31' already exists. Skipping.
2025-04-11 11:52:06,085 - INFO - [Q239184] Maxims about Mammals IV - Claim P31 -> 'https://test.wikidata.org/wiki/Property:P31' already exists. Skipping.
2025-04-11 11:52:06,085 - INFO - [Q239184] Maxims about Mammals IV - Finished processing claims.
2025-04-11 11:52:06,271 - INFO - [Q239184] Maxims about Mammals IV - No changes made to descriptions. Description fields are empty or already exist on Wikidata. Please verify manually if required.
2025-04-11 11:52:06,685 - WARNING - [Q239184] Maxims about Mammals IV - Source(s) already exist for claim P82. Skipping. Please verify manually if required. 
2025-04-11 11:52:07,145 - INFO - [Q239185] Maxims about Mammals V - Claim P82 -> Q215175 already exists. Skipping.
2025-04-11 11:52:07,148 - INFO - [Q239185] Maxims about Mammals V - Date claim P761 -> 2000-01-01 already exists. Skipping.
2025-04-11 11:52:07,368 - INFO - [Q239185] Maxims about Mammals V - Claim P145 -> Q234514 already exists. Skipping.
2025-04-11 11:52:07,368 - INFO - [Q239185] Maxims about Mammals V - Claim P31 -> 'https://test.wikidata.org/wiki/Property:P31' already exists. Skipping.
2025-04-11 11:52:07,368 - INFO - [Q239185] Maxims about Mammals V - Claim P31 -> 'https://test.wikidata.org/wiki/Property:P31' already exists. Skipping.
2025-04-11 11:52:07,369 - INFO - [Q239185] Maxims about Mammals V - Finished processing claims.
2025-04-11 11:52:07,573 - INFO - [Q239185] Maxims about Mammals V - No changes made to descriptions. Description fields are empty or already exist on Wikidata. Please verify manually if required.
2025-04-11 11:52:08,018 - WARNING - [Q239185] Maxims about Mammals V - Source(s) already exist for claim P82. Skipping. Please verify manually if required. 
2025-04-11 11:52:14,005 - INFO - [Q239222] Maxims about Mammals VI - Created new item with QID Q239222.
2025-04-11 11:52:14,208 - INFO - [Q239222] Maxims about Mammals VI - Item is not yet indexed. Waiting 60 seconds...
2025-04-11 11:53:14,457 - INFO - [Q239222] Maxims about Mammals VI - Item is not yet indexed. Waiting 60 seconds...
2025-04-11 11:54:14,661 - INFO - [Q239222] Maxims about Mammals VI - Item is not yet indexed. Waiting 60 seconds...
2025-04-11 11:55:14,856 - INFO - [Q239222] Maxims about Mammals VI - Item is not yet indexed. Waiting 60 seconds...
2025-04-11 11:56:15,047 - INFO - [Q239222] Maxims about Mammals VI - Item is not yet indexed. Waiting 60 seconds...
2025-04-11 11:57:15,278 - INFO - [Q239222] Maxims about Mammals VI - Item is not yet indexed. Waiting 60 seconds...
2025-04-11 11:58:15,489 - INFO - [Q239222] Maxims about Mammals VI - Item is not yet indexed. Waiting 60 seconds...
2025-04-11 11:59:15,685 - INFO - [Q239222] Maxims about Mammals VI - Item is now indexed as Q239222. Continuing.
2025-04-11 11:59:46,618 - INFO - [Q239222] Maxims about Mammals VI - Claim P31 -> 'https://test.wikidata.org/wiki/Property:P31' already exists. Skipping.
2025-04-11 11:59:46,619 - INFO - [Q239222] Maxims about Mammals VI - Finished processing claims.
2025-04-11 11:59:56,760 - INFO - [Q239222] Maxims about Mammals VI - Descriptions updated: {'en': 'Maxims about Mammals is a book containing sayings about mammals.', 'de': 'Maxims about Mammals ist ein Buch mit Sprüchen über Säugetiere.'}
2025-04-11 12:00:06,596 - INFO - [Q239222] Maxims about Mammals VI - Added sources to claim P82
2025-04-11 12:00:06,598 - INFO - Script completed successfully.
